SPH Simulation initialized with dimensions 1200x600
Creating dam break scenario with 40x50 particles
Dam break scenario created with 2000 particles
===== Performance Metrics =====
Particles: 2000
OpenMP threads: 8
Particles/second: 1349411.5
Timesteps/second: 674.71
Timesteps/minute: 40482.3
Timesteps/hour: 2428940.8
Simulation:Physical time ratio: 1.433x
Avg time per step: 1.43234 ms
=============================
===== Performance Metrics =====
Particles: 2000
OpenMP threads: 8
Particles/second: 1391651.2
Timesteps/second: 695.83
Timesteps/minute: 41749.5
Timesteps/hour: 2504972.2
Simulation:Physical time ratio: 1.445x
Avg time per step: 1.37650 ms
=============================
===== Performance Metrics =====
Particles: 2000
OpenMP threads: 8
Particles/second: 1444222.3
Timesteps/second: 722.11
Timesteps/minute: 43326.7
Timesteps/hour: 2599600.2
Simulation:Physical time ratio: 1.427x
Avg time per step: 1.39481 ms
=============================
===== Performance Metrics =====
Particles: 2000
OpenMP threads: 8
Particles/second: 1452266.7
Timesteps/second: 726.13
Timesteps/minute: 43568.0
Timesteps/hour: 2614080.1
Simulation:Physical time ratio: 1.418x
Avg time per step: 1.41966 ms
=============================
===== Performance Metrics =====
Particles: 2000
OpenMP threads: 8
Particles/second: 1339515.4
Timesteps/second: 669.76
Timesteps/minute: 40185.5
Timesteps/hour: 2411127.8
Simulation:Physical time ratio: 1.408x
Avg time per step: 1.38582 ms
=============================
===== Performance Metrics =====
Particles: 2000
OpenMP threads: 8
Particles/second: 1472516.8
Timesteps/second: 736.26
Timesteps/minute: 44175.5
Timesteps/hour: 2650530.3
Simulation:Physical time ratio: 1.403x
Avg time per step: 1.37680 ms
=============================
