SPH Simulation initialized with dimensions 1200x600
Creating dam break scenario with 40x50 particles
Dam break scenario created with 2000 particles
===== Performance Metrics =====
Particles: 2000
OpenMP threads: 8
Particles/second: 1388266.2
Timesteps/second: 694.13
Timesteps/minute: 41648.0
Timesteps/hour: 2498879.2
Simulation:Physical time ratio: 1.423x
Avg time per step: 1.44656 ms
=============================
===== Performance Metrics =====
Particles: 2000
OpenMP threads: 8
Particles/second: 1356141.5
Timesteps/second: 678.07
Timesteps/minute: 40684.2
Timesteps/hour: 2441054.7
Simulation:Physical time ratio: 1.451x
Avg time per step: 1.46843 ms
=============================
===== Performance Metrics =====
Particles: 2000
OpenMP threads: 8
Particles/second: 1173526.3
Timesteps/second: 586.76
Timesteps/minute: 35205.8
Timesteps/hour: 2112347.3
Simulation:Physical time ratio: 1.471x
Avg time per step: 1.42908 ms
=============================
===== Performance Metrics =====
Particles: 2000
OpenMP threads: 8
Particles/second: 1408745.2
Timesteps/second: 704.37
Timesteps/minute: 42262.4
Timesteps/hour: 2535741.4
Simulation:Physical time ratio: 1.471x
Avg time per step: 1.43547 ms
=============================
===== Performance Metrics =====
Particles: 2000
OpenMP threads: 8
Particles/second: 1335843.9
Timesteps/second: 667.92
Timesteps/minute: 40075.3
Timesteps/hour: 2404519.1
Simulation:Physical time ratio: 1.455x
Avg time per step: 1.39269 ms
=============================
